[2018-07-18 15:09:49] [ERROR] 启动'看了吗'失败！！！
[2018-07-18 15:10:21] [ERROR] 启动'看了吗'失败！！！
[2018-07-18 15:12:43] [ERROR] 异常类型：<class 'AttributeError'>, 在 smok_test.py 的第 33 行；'Session' object has no attribute 'screen'
启动'看了吗'失败！！！
[2018-07-18 15:14:36] [ERROR] 异常类型：<class 'AttributeError'>, 在 smok_test.py 的第 34 行；'Session' object has no attribute 'wakeup'
启动'看了吗'失败！！！
[2018-07-18 15:15:48] [INFO] 启动'看了吗'成功
[2018-07-18 15:15:55] [INFO] 启动'看了吗'成功
[2018-07-18 15:16:09] [INFO] 启动'看了吗'成功
[2018-07-18 15:16:24] [INFO] 启动'看了吗'成功
[2018-07-18 15:16:39] [INFO] 启动'看了吗'成功
[2018-07-18 15:16:54] [INFO] 启动'看了吗'成功
[2018-07-18 15:17:10] [INFO] 启动'看了吗'成功
[2018-07-18 15:17:26] [INFO] 启动'看了吗'成功
[2018-07-18 15:17:42] [INFO] 启动'看了吗'成功
[2018-07-18 15:17:57] [INFO] 启动'看了吗'成功
[2018-07-18 15:18:13] [INFO] 启动'看了吗'成功
[2018-07-18 15:50:40] [INFO] 启动'看了吗'成功
[2018-07-18 15:51:38] [INFO] 启动'看了吗'成功
[2018-07-18 15:51:38] [INFO] 2018-07-18 15:51:38,0,0,0,0,0,0,0,0,0,0,0,0,0,0,0,0

[2018-07-18 15:51:44] [INFO] 启动'看了吗'成功
[2018-07-18 15:52:00] [INFO] 启动'看了吗'成功
[2018-07-18 15:52:15] [INFO] 启动'看了吗'成功
[2018-07-18 15:52:31] [INFO] 启动'看了吗'成功
[2018-07-18 15:52:47] [INFO] 启动'看了吗'成功
[2018-07-18 15:53:03] [INFO] 启动'看了吗'成功
[2018-07-18 15:53:20] [INFO] 启动'看了吗'成功
[2018-07-18 15:53:35] [INFO] 启动'看了吗'成功
[2018-07-18 15:53:51] [INFO] 启动'看了吗'成功
[2018-07-18 15:54:08] [INFO] 启动'看了吗'成功
[2018-07-18 15:54:17] [INFO] 2018-07-18 15:54:17,0,0,0,0,0,0,0,0,0,0,0,0,0,0,0,0

[2018-07-18 15:55:49] [INFO] 启动'看了吗'成功
[2018-07-18 15:55:50] [INFO] 2018-07-18 15:55:50,0,0,0,0,0,0,0,0,0,0,0,0,0,0,0,0

[2018-07-18 15:55:57] [INFO] 启动'看了吗'成功
[2018-07-18 15:57:58] [INFO] 启动'看了吗'成功
[2018-07-18 15:58:53] [INFO] 启动'看了吗'成功
[2018-07-18 15:58:53] [INFO] /system/bin/sh: findstr: not found

[2018-07-18 15:58:53] [INFO] 2018-07-18 15:58:53,/system/bin/sh:,findstr:,not,found

[2018-07-18 15:59:00] [INFO] 启动'看了吗'成功
[2018-07-18 15:59:44] [INFO] 启动'看了吗'成功
[2018-07-18 15:59:45] [INFO] 22 wlan0 0x0 10030 0 692424 9250 7719745 18619 692424 9250 0 0 0 0 7719745 18619 0 0 0 0

[2018-07-18 15:59:45] [INFO] 23 wlan0 0x0 10030 1 127568904 97602 8947022 79974 127568904 97602 0 0 0 0 8947022 79974 0 0 0 0

[2018-07-18 15:59:45] [INFO] 60 wlan0 0x1d0595ce00000000 10030 0 0 0 0 0 0 0 0 0 0 0 0 0 0 0 0 0

[2018-07-18 15:59:45] [INFO] 61 wlan0 0x1d0595ce00000000 10030 1 211750 435 196316 747 211750 435 0 0 0 0 196316 747 0 0 0 0

[2018-07-18 15:59:45] [INFO] 94 lo 0x0 10030 0 264 3 0 0 0 0 0 0 264 3 0 0 0 0 0 0

[2018-07-18 15:59:45] [INFO] 95 lo 0x0 10030 1 0 0 0 0 0 0 0 0 0 0 0 0 0 0 0 0

[2018-07-18 15:59:45] [INFO] 2018-07-18 15:59:45,95,lo,0x0,10030,128473342,107290,16863083,99340,128473078,107287,0,0,264,3,16863083,99340,0,0,0,0

[2018-07-18 15:59:50] [INFO] 启动'看了吗'成功
[2018-07-18 16:00:06] [INFO] 启动'看了吗'成功
[2018-07-18 16:00:46] [INFO] 启动'看了吗'成功
[2018-07-18 16:01:03] [INFO] 启动'看了吗'成功
[2018-07-18 16:01:19] [INFO] 启动'看了吗'成功
[2018-07-18 16:01:57] [INFO] 启动'看了吗'成功
[2018-07-18 16:02:12] [INFO] 启动'看了吗'成功
[2018-07-18 16:02:28] [INFO] 启动'看了吗'成功
[2018-07-18 16:02:53] [INFO] 启动'看了吗'成功
[2018-07-18 16:03:17] [INFO] 启动'看了吗'成功
[2018-07-18 16:03:26] [INFO] 22 wlan0 0x0 10030 0 696340 9303 7745284 18701 696340 9303 0 0 0 0 7745284 18701 0 0 0 0

[2018-07-18 16:03:26] [INFO] 23 wlan0 0x0 10030 1 129041385 98765 9035025 80937 129041385 98765 0 0 0 0 9035025 80937 0 0 0 0

[2018-07-18 16:03:26] [INFO] 60 wlan0 0x1d0595ce00000000 10030 0 0 0 0 0 0 0 0 0 0 0 0 0 0 0 0 0

[2018-07-18 16:03:26] [INFO] 61 wlan0 0x1d0595ce00000000 10030 1 217206 443 201887 768 217206 443 0 0 0 0 201887 768 0 0 0 0

[2018-07-18 16:03:26] [INFO] 94 lo 0x0 10030 0 264 3 0 0 0 0 0 0 264 3 0 0 0 0 0 0

[2018-07-18 16:03:26] [INFO] 95 lo 0x0 10030 1 0 0 0 0 0 0 0 0 0 0 0 0 0 0 0 0

[2018-07-18 16:03:26] [INFO] 2018-07-18 16:03:26,95,lo,0x0,10030,129955195,108514,16982196,100406,129954931,108511,0,0,264,3,16982196,100406,0,0,0,0

[2018-07-18 16:15:29] [INFO] 启动'看了吗'成功
[2018-07-18 16:15:29] [INFO] 2018-07-18 16:15:29,95,lo,0x0,10030,130033756,108636,17000765,100525,130033492,108633,0,0,264,3,17000765,100525,0,0,0,0

[2018-07-18 16:16:23] [INFO] 启动'看了吗'成功
[2018-07-18 16:16:23] [INFO] 2018-07-18 16:16:23,95,lo,0x0,10030,130075951,108691,17008166,100580,130075687,108688,0,0,264,3,17008166,100580,0,0,0,0

[2018-07-18 16:16:23] [INFO] 2018-07-18 16:16:23,209271

[2018-07-18 16:16:29] [INFO] 启动'看了吗'成功
[2018-07-18 16:16:43] [INFO] 启动'看了吗'成功
[2018-07-18 16:16:58] [INFO] 启动'看了吗'成功
[2018-07-18 16:17:37] [INFO] 启动'看了吗'成功
[2018-07-18 16:17:53] [INFO] 启动'看了吗'成功
[2018-07-18 16:18:08] [INFO] 启动'看了吗'成功
[2018-07-18 16:18:24] [INFO] 启动'看了吗'成功
[2018-07-18 16:18:39] [INFO] 启动'看了吗'成功
[2018-07-18 16:18:55] [INFO] 启动'看了吗'成功
[2018-07-18 16:19:10] [INFO] 启动'看了吗'成功
[2018-07-18 16:19:20] [INFO] 2018-07-18 16:19:19,95,lo,0x0,10030,131635017,110031,17136594,101732,131634753,110028,0,0,264,3,17136594,101732,0,0,0,0

[2018-07-18 16:19:20] [INFO] 2018-07-18 16:19:19,211763

[2018-07-19 13:50:32] [ERROR] 异常类型：<class 'uiautomator2.UiObjectNotFoundError'>, 在 smok_test.py 的第 41 行；-32002 Server error: <Selector [childOrSibling=['sibling'], childOrSiblingSelector=[{'mask': 2097152, 'childOrSibling': [], 'childOrSiblingSelector': [], 'resourceId': 'com.gionee.agileapp:id/launch'}], text='看了吗']> data: 
启动'看了吗'失败！！！
[2018-07-19 13:50:32] [ERROR] not get processID
[2018-07-19 13:53:37] [INFO] 启动'看了吗'成功
[2018-07-19 13:53:37] [INFO] 2018-07-19 13:53:37,95,lo,0x0,10030,133563523,114673,19750946,109036,133563259,114670,0,0,264,3,19750946,109036,0,0,0,0

[2018-07-19 13:53:37] [INFO] 2018-07-19 13:53:37,223709

[2018-07-19 13:53:38] [INFO] 2018-07-19 13:53:38,95,lo,0x0,10030,133563803,114676,19752678,109040,133563539,114673,0,0,264,3,19752678,109040,0,0,0,0

[2018-07-19 13:53:38] [INFO] 2018-07-19 13:53:38,223716

[2018-07-19 13:57:15] [INFO] 启动'看了吗'成功
[2018-07-19 13:57:15] [INFO] 2018-07-19 13:57:15,95,lo,0x0,10030,133660389,114791,19773448,109168,133660125,114788,0,0,264,3,19773448,109168,0,0,0,0

[2018-07-19 13:57:15] [INFO] 2018-07-19 13:57:15,223959

[2018-07-19 13:57:22] [INFO] 启动'看了吗'成功
[2018-07-19 13:57:37] [INFO] 启动'看了吗'成功
[2018-07-19 13:58:16] [INFO] 启动'看了吗'成功
[2018-07-19 13:58:30] [INFO] 启动'看了吗'成功
[2018-07-19 13:58:46] [INFO] 启动'看了吗'成功
[2018-07-19 13:59:02] [INFO] 启动'看了吗'成功
[2018-07-19 13:59:18] [INFO] 启动'看了吗'成功
[2018-07-19 13:59:34] [INFO] 启动'看了吗'成功
[2018-07-19 13:59:50] [INFO] 启动'看了吗'成功
[2018-07-19 14:00:07] [INFO] 启动'看了吗'成功
[2018-07-19 14:00:16] [INFO] 2018-07-19 14:00:16,95,lo,0x0,10030,135484817,116304,19900037,110420,135484553,116301,0,0,264,3,19900037,110420,0,0,0,0

[2018-07-19 14:00:16] [INFO] 2018-07-19 14:00:16,226724

[2018-07-19 14:00:16] [INFO] diff_traffic=2765
[2018-07-19 14:28:10] [INFO] 启动'看了吗'成功
[2018-07-19 14:28:11] [INFO] 2018-07-19 14:28:10,95,lo,0x0,10030,135529533,116441,19953487,110611,135529269,116438,0,0,264,3,19953487,110611,0,0,0,0

[2018-07-19 14:28:11] [INFO] 2018-07-19 14:28:10,227052

[2018-07-19 14:28:17] [INFO] 启动'看了吗'成功
[2018-07-19 14:28:33] [INFO] 启动'看了吗'成功
[2018-07-19 14:28:48] [INFO] 启动'看了吗'成功
[2018-07-19 14:29:04] [INFO] 启动'看了吗'成功
[2018-07-19 14:29:19] [INFO] 启动'看了吗'成功
[2018-07-19 14:29:36] [INFO] 启动'看了吗'成功
[2018-07-19 14:29:45] [INFO] 2018-07-19 14:29:45,95,lo,0x0,10030,137063167,117635,20043241,111691,137062903,117632,0,0,264,3,20043241,111691,0,0,0,0

[2018-07-19 14:29:45] [INFO] 2018-07-19 14:29:45,229326

[2018-07-19 14:29:45] [INFO] diff_traffic=2274
[2018-07-19 14:31:40] [INFO] 启动'看了吗'成功
[2018-07-19 14:31:41] [INFO] 2018-07-19 14:31:41,95,lo,0x0,10030,137107572,117699,20056358,111766,137107308,117696,0,0,264,3,20056358,111766,0,0,0,0

[2018-07-19 14:31:41] [INFO] 2018-07-19 14:31:41,229465

[2018-07-19 14:31:48] [INFO] 启动'看了吗'成功
[2018-07-19 14:32:03] [INFO] 启动'看了吗'成功
[2018-07-19 14:32:19] [INFO] 启动'看了吗'成功
[2018-07-19 14:32:34] [INFO] 启动'看了吗'成功
[2018-07-19 14:32:50] [INFO] 启动'看了吗'成功
[2018-07-19 14:33:07] [INFO] 启动'看了吗'成功
[2018-07-19 14:33:22] [INFO] 启动'看了吗'成功
[2018-07-19 14:33:38] [INFO] 启动'看了吗'成功
[2018-07-19 14:33:54] [INFO] 启动'看了吗'成功
[2018-07-19 14:34:10] [INFO] 启动'看了吗'成功
[2018-07-19 14:34:19] [INFO] 2018-07-19 14:34:19,95,lo,0x0,10030,138750481,119099,20197683,113023,138750217,119096,0,0,264,3,20197683,113023,0,0,0,0

[2018-07-19 14:34:19] [INFO] 2018-07-19 14:34:19,232122

[2018-07-19 14:34:19] [INFO] diff_traffic=2657
[2018-07-19 14:46:37] [INFO] 启动'有道词典'成功
[2018-07-19 14:46:37] [INFO] 2018-07-19 14:46:37,95,lo,0x0,10030,138803581,119229,20231639,113187,138803317,119226,0,0,264,3,20231639,113187,0,0,0,0

[2018-07-19 14:46:37] [INFO] 2018-07-19 14:46:37,232416

[2018-07-19 14:46:44] [INFO] 启动'有道词典'成功
[2018-07-19 14:46:55] [INFO] 2018-07-19 14:46:55,95,lo,0x0,10030,138811080,119247,20237368,113213,138810816,119244,0,0,264,3,20237368,113213,0,0,0,0

[2018-07-19 14:46:55] [INFO] 2018-07-19 14:46:55,232460

[2018-07-19 14:46:55] [INFO] diff_traffic=44
[2018-07-19 14:48:39] [INFO] 启动'有道词典'成功
[2018-07-19 14:48:39] [INFO] 2018-07-19 14:48:39,95,lo,0x0,10030,138814277,119275,20245420,113250,138814013,119272,0,0,264,3,20245420,113250,0,0,0,0

[2018-07-19 14:48:39] [INFO] 2018-07-19 14:48:39,232525

[2018-07-19 14:48:47] [INFO] 启动'有道词典'成功
[2018-07-19 14:48:56] [INFO] 2018-07-19 14:48:56,95,lo,0x0,10030,138821807,119296,20251211,113277,138821543,119293,0,0,264,3,20251211,113277,0,0,0,0

[2018-07-19 14:48:56] [INFO] 2018-07-19 14:48:56,232573

[2018-07-19 14:48:56] [INFO] diff_traffic=48
[2018-07-19 14:49:41] [INFO] 启动'书法字典'成功
[2018-07-19 14:49:42] [INFO] 2018-07-19 14:49:42,95,lo,0x0,10030,138824534,119318,20258568,113310,138824270,119315,0,0,264,3,20258568,113310,0,0,0,0

[2018-07-19 14:49:42] [INFO] 2018-07-19 14:49:42,232628

[2018-07-19 14:49:50] [INFO] 启动'书法字典'成功
[2018-07-19 14:50:07] [INFO] 启动'书法字典'成功
[2018-07-19 14:50:24] [INFO] 启动'书法字典'成功
[2018-07-19 14:50:40] [INFO] 启动'书法字典'成功
[2018-07-19 14:50:57] [INFO] 启动'书法字典'成功
[2018-07-19 14:51:13] [INFO] 启动'书法字典'成功
[2018-07-19 14:51:31] [INFO] 启动'书法字典'成功
[2018-07-19 14:51:47] [INFO] 启动'书法字典'成功
[2018-07-19 14:52:05] [INFO] 启动'书法字典'成功
[2018-07-19 14:52:21] [INFO] 启动'书法字典'成功
[2018-07-19 14:52:46] [INFO] 启动'书法字典'成功
[2018-07-19 14:53:03] [INFO] 启动'书法字典'成功
[2018-07-19 14:53:12] [INFO] 2018-07-19 14:53:12,95,lo,0x0,10030,138848468,119456,20325983,113529,138848204,119453,0,0,264,3,20325983,113529,0,0,0,0

[2018-07-19 14:53:12] [INFO] 2018-07-19 14:53:12,232985

[2018-07-19 14:53:12] [INFO] diff_traffic=357
[2018-07-19 14:54:27] [INFO] 启动'书法字典'成功
[2018-07-19 14:54:27] [INFO] 2018-07-19 14:54:27,95,lo,0x0,10030,138850817,119473,20330938,113554,138850553,119470,0,0,264,3,20330938,113554,0,0,0,0

[2018-07-19 14:54:27] [INFO] 2018-07-19 14:54:27,233027

[2018-07-19 14:54:35] [INFO] 启动'书法字典'成功
[2018-07-19 14:54:50] [INFO] 启动'书法字典'成功
[2018-07-19 14:55:07] [INFO] 启动'书法字典'成功
[2018-07-19 14:55:32] [INFO] 启动'书法字典'成功
[2018-07-19 14:55:49] [INFO] 启动'书法字典'成功
[2018-07-19 14:56:06] [INFO] 启动'书法字典'成功
[2018-07-19 14:56:22] [INFO] 启动'书法字典'成功
[2018-07-19 14:56:38] [INFO] 启动'书法字典'成功
[2018-07-19 14:56:53] [INFO] 启动'书法字典'成功
[2018-07-19 14:57:09] [INFO] 启动'书法字典'成功
[2018-07-19 14:57:25] [INFO] 启动'书法字典'成功
[2018-07-19 14:57:41] [INFO] 启动'书法字典'成功
[2018-07-19 14:57:50] [INFO] 2018-07-19 14:57:50,95,lo,0x0,10030,138874868,119606,20394941,113764,138874604,119603,0,0,264,3,20394941,113764,0,0,0,0

[2018-07-19 14:57:50] [INFO] 2018-07-19 14:57:50,233370

[2018-07-19 14:57:50] [INFO] diff_traffic=343
[2018-07-19 15:14:49] [INFO] 启动'书法字典'成功
[2018-07-19 15:14:50] [INFO] 2018-07-19 15:14:50,95,lo,0x0,10030,138880698,119669,20421277,113861,138880434,119666,0,0,264,3,20421277,113861,0,0,0,0

[2018-07-19 15:14:50] [INFO] 2018-07-19 15:14:50,233530

[2018-07-19 15:14:57] [INFO] 启动'书法字典'成功
[2018-07-19 15:15:22] [INFO] 启动'书法字典'成功
[2018-07-19 15:15:46] [INFO] 启动'书法字典'成功
[2018-07-19 15:16:02] [INFO] 启动'书法字典'成功
[2018-07-19 15:16:20] [INFO] 启动'书法字典'成功
[2018-07-19 15:16:36] [INFO] 启动'书法字典'成功
[2018-07-19 15:16:51] [INFO] 启动'书法字典'成功
[2018-07-19 15:17:07] [INFO] 启动'书法字典'成功
[2018-07-19 15:17:25] [INFO] 启动'书法字典'成功
[2018-07-19 15:17:41] [INFO] 启动'书法字典'成功
[2018-07-19 15:17:57] [INFO] 启动'书法字典'成功
[2018-07-19 15:18:12] [INFO] 启动'书法字典'成功
[2018-07-19 15:18:21] [INFO] 2018-07-19 15:18:21,95,lo,0x0,10030,138904944,119808,20497254,114096,138904680,119805,0,0,264,3,20497254,114096,0,0,0,0

[2018-07-19 15:18:21] [INFO] 2018-07-19 15:18:21,233904

[2018-07-19 15:18:21] [INFO] diff_traffic=374
[2018-07-19 15:28:19] [INFO] ***************************测试结果*************************
[2018-07-19 15:28:19] [INFO] 测试结论:不通过
[2018-07-19 15:28:19] [INFO] ===============快应用内部出现错误
[2018-07-19 15:28:19] [INFO] ------------------------截图见 screenshot_error_dir 文件夹
[2018-07-19 15:29:42] [INFO] ***************************测试结果*************************
[2018-07-19 15:29:42] [INFO] 测试结论:不通过
[2018-07-19 15:29:42] [INFO] 不通过原因:快应用内部出现错误(见screenshot_error_dir文件夹截图)
[2018-07-19 15:34:38] [INFO] 启动'书法字典'成功
[2018-07-19 15:34:38] [INFO] 2018-07-19 15:34:38,95,lo,0x0,10030,138910683,119872,20524976,114189,138910419,119869,0,0,264,3,20524976,114189,0,0,0,0

[2018-07-19 15:34:38] [INFO] 2018-07-19 15:34:38,234061

[2018-07-19 15:34:47] [INFO] 启动'书法字典'成功
[2018-07-19 15:35:03] [INFO] 启动'书法字典'成功
[2018-07-19 15:35:19] [INFO] 启动'书法字典'成功
[2018-07-19 15:35:35] [INFO] 启动'书法字典'成功
[2018-07-19 15:35:51] [INFO] 启动'书法字典'成功
[2018-07-19 15:36:09] [INFO] 启动'书法字典'成功
[2018-07-19 15:36:25] [INFO] 启动'书法字典'成功
[2018-07-19 15:36:42] [INFO] 启动'书法字典'成功
[2018-07-19 15:36:59] [INFO] 启动'书法字典'成功
[2018-07-19 15:37:14] [INFO] 启动'书法字典'成功
[2018-07-19 15:37:38] [INFO] 启动'书法字典'成功
[2018-07-19 15:37:55] [INFO] 启动'书法字典'成功
[2018-07-19 15:38:04] [INFO] 2018-07-19 15:38:04,95,lo,0x0,10030,138934128,120000,20587010,114404,138933864,119997,0,0,264,3,20587010,114404,0,0,0,0

[2018-07-19 15:38:04] [INFO] 2018-07-19 15:38:04,234404

[2018-07-19 15:38:04] [INFO] diff_traffic=343
[2018-07-19 15:38:21] [INFO] ***************************测试结果*************************
[2018-07-19 15:38:21] [INFO] 测试结论:不通过
[2018-07-19 15:38:21] [INFO] 不通过原因:快应用内部出现错误(见screenshot_error_dir文件夹截图)
[2018-07-19 15:39:16] [INFO] 启动'书法字典'成功
[2018-07-19 15:39:16] [INFO] 2018-07-19 15:39:16,95,lo,0x0,10030,138934168,120001,20587050,114405,138933904,119998,0,0,264,3,20587050,114405,0,0,0,0

[2018-07-19 15:39:16] [INFO] 2018-07-19 15:39:16,234406

[2018-07-19 15:39:24] [INFO] 启动'书法字典'成功
[2018-07-19 15:39:40] [INFO] 启动'书法字典'成功
[2018-07-19 15:39:56] [INFO] 启动'书法字典'成功
[2018-07-19 15:40:12] [INFO] 启动'书法字典'成功
[2018-07-19 15:40:28] [INFO] 启动'书法字典'成功
[2018-07-19 15:40:44] [INFO] 启动'书法字典'成功
[2018-07-19 15:41:00] [INFO] 启动'书法字典'成功
[2018-07-19 15:41:16] [INFO] 启动'书法字典'成功
[2018-07-19 15:41:33] [INFO] 启动'书法字典'成功
[2018-07-19 15:41:49] [INFO] 启动'书法字典'成功
[2018-07-19 15:42:05] [INFO] 启动'书法字典'成功
[2018-07-19 15:42:21] [INFO] 启动'书法字典'成功
[2018-07-19 15:42:31] [INFO] 2018-07-19 15:42:30,95,lo,0x0,10030,138934168,120001,20587050,114405,138933904,119998,0,0,264,3,20587050,114405,0,0,0,0

[2018-07-19 15:42:31] [INFO] 2018-07-19 15:42:30,234406

[2018-07-19 15:42:31] [INFO] diff_traffic=0
[2018-07-19 15:42:43] [INFO] ***************************测试结果*************************
[2018-07-19 15:42:43] [INFO] 不通过原因:无法连接网络，详情见截图
[2018-07-19 15:42:43] [INFO] 测试结论:不通过
[2018-07-19 15:42:43] [INFO] 不通过原因:快应用内部出现错误(见screenshot_error_dir文件夹截图)
[2018-07-19 15:44:29] [INFO] 启动'高铁管家'成功
[2018-07-19 15:44:30] [INFO] 2018-07-19 15:44:30,95,lo,0x0,10030,138934168,120001,20587050,114405,138933904,119998,0,0,264,3,20587050,114405,0,0,0,0

[2018-07-19 15:44:30] [INFO] 2018-07-19 15:44:30,234406

[2018-07-19 15:44:37] [INFO] 启动'高铁管家'成功
[2018-07-19 15:44:54] [INFO] 启动'高铁管家'成功
[2018-07-19 15:45:11] [INFO] 启动'高铁管家'成功
[2018-07-19 15:45:27] [INFO] 启动'高铁管家'成功
[2018-07-19 15:45:47] [INFO] 启动'高铁管家'成功
[2018-07-19 15:46:03] [INFO] 启动'高铁管家'成功
[2018-07-19 15:46:19] [INFO] 启动'高铁管家'成功
[2018-07-19 15:46:35] [INFO] 启动'高铁管家'成功
[2018-07-19 15:46:44] [INFO] 2018-07-19 15:46:44,95,lo,0x0,10030,138934168,120001,20587050,114405,138933904,119998,0,0,264,3,20587050,114405,0,0,0,0

[2018-07-19 15:46:44] [INFO] 2018-07-19 15:46:44,234406

[2018-07-19 15:46:44] [INFO] diff_traffic=0
[2018-07-19 15:46:45] [INFO] ***************************测试结果*************************
[2018-07-19 15:46:45] [INFO] 不通过原因:无法连接网络，详情见截图
[2018-07-19 15:46:45] [INFO] 测试结论:不通过
[2018-07-19 15:46:45] [INFO] 不通过原因:出现白屏(见white_screenshot文件夹截图)
[2018-07-19 15:58:23] [ERROR] 异常类型：<class 'uiautomator2.UiObjectNotFoundError'>, 在 smok_test.py 的第 43 行；-32002 Server error: <Selector [childOrSibling=['sibling'], childOrSiblingSelector=[{'mask': 2097152, 'childOrSibling': [], 'childOrSiblingSelector': [], 'resourceId': 'com.gionee.agileapp:id/launch'}], text='企查查']> data: 
启动'企查查'失败！！！
[2018-07-19 15:58:23] [INFO] 2018-07-19 15:58:23,95,lo,0x0,10030,139571706,120566,20647739,114914,139571442,120563,0,0,264,3,20647739,114914,0,0,0,0

[2018-07-19 15:58:23] [INFO] 2018-07-19 15:58:23,235480

[2018-07-19 15:58:24] [INFO] 2018-07-19 15:58:24,95,lo,0x0,10030,139571706,120566,20647739,114914,139571442,120563,0,0,264,3,20647739,114914,0,0,0,0

[2018-07-19 15:58:24] [INFO] 2018-07-19 15:58:24,235480

[2018-07-19 15:58:24] [INFO] diff_traffic=0
[2018-07-19 15:58:24] [INFO] ***************************测试结果*************************
[2018-07-19 15:58:24] [INFO] 测试结论:不通过
[2018-07-19 15:58:24] [INFO] 不通过原因:无法连接网络，详情见截图
[2018-07-19 16:00:24] [ERROR] 异常类型：<class 'uiautomator2.UiObjectNotFoundError'>, 在 smok_test.py 的第 43 行；-32002 Server error: <Selector [childOrSibling=['sibling'], childOrSiblingSelector=[{'mask': 2097152, 'childOrSibling': [], 'childOrSiblingSelector': [], 'resourceId': 'com.gionee.agileapp:id/launch'}], text='企查查']> data: 
启动'企查查'失败！！！
[2018-07-19 16:00:25] [INFO] 2018-07-19 16:00:25,95,lo,0x0,10030,139572083,120570,20648553,114919,139571819,120567,0,0,264,3,20648553,114919,0,0,0,0

[2018-07-19 16:00:25] [INFO] 2018-07-19 16:00:25,235489

[2018-07-19 16:00:36] [INFO] 2018-07-19 16:00:36,95,lo,0x0,10030,139572083,120570,20648553,114919,139571819,120567,0,0,264,3,20648553,114919,0,0,0,0

[2018-07-19 16:00:36] [INFO] 2018-07-19 16:00:36,235489

[2018-07-19 16:00:36] [INFO] diff_traffic=0
[2018-07-19 16:00:36] [INFO] ***************************测试结果*************************
[2018-07-19 16:00:36] [INFO] 测试结论:不通过
[2018-07-19 16:00:36] [INFO] 不通过原因:无法连接网络，详情见截图
[2018-07-19 16:02:33] [INFO] 启动'快视频'成功
[2018-07-19 16:02:33] [INFO] 2018-07-19 16:02:33,95,lo,0x0,10030,139657922,120649,20660363,114999,139657658,120646,0,0,264,3,20660363,114999,0,0,0,0

[2018-07-19 16:02:33] [INFO] 2018-07-19 16:02:33,235648

[2018-07-19 16:02:49] [INFO] 启动'快视频'成功
[2018-07-19 16:03:16] [INFO] 启动'快视频'成功
[2018-07-19 16:04:30] [ERROR] 异常类型：<class 'requests.exceptions.ReadTimeout'>, 在 smok_test.py 的第 42 行；HTTPConnectionPool(host='127.0.0.1', port=49876): Read timed out. (read timeout=60)
启动'快视频'失败！！！
[2018-07-19 16:06:44] [INFO] 启动'快视频'成功
[2018-07-19 16:06:44] [INFO] 2018-07-19 16:06:44,95,lo,0x0,10030,139874744,120880,20705688,115274,139874480,120877,0,0,264,3,20705688,115274,0,0,0,0

[2018-07-19 16:06:44] [INFO] 2018-07-19 16:06:44,236154

[2018-07-19 16:06:52] [INFO] 启动'快视频'成功
[2018-07-19 16:07:12] [INFO] 启动'快视频'成功
[2018-07-19 16:07:31] [INFO] 启动'快视频'成功
[2018-07-19 16:07:50] [INFO] 启动'快视频'成功
[2018-07-19 16:09:03] [ERROR] 异常类型：<class 'requests.exceptions.ReadTimeout'>, 在 smok_test.py 的第 43 行；HTTPConnectionPool(host='127.0.0.1', port=49876): Read timed out. (read timeout=60)
启动'快视频'失败！！！
[2018-07-19 16:10:18] [INFO] 启动'快视频'成功
[2018-07-19 16:10:37] [INFO] 启动'快视频'成功
[2018-07-19 16:10:55] [INFO] 启动'快视频'成功
[2018-07-19 16:11:13] [INFO] 启动'快视频'成功
[2018-07-19 16:11:30] [INFO] 启动'快视频'成功
[2018-07-19 16:11:47] [INFO] 启动'快视频'成功
[2018-07-19 16:12:02] [INFO] 启动'快视频'成功
[2018-07-19 16:12:21] [INFO] 启动'快视频'成功
[2018-07-19 16:12:40] [INFO] 启动'快视频'成功
[2018-07-19 16:12:56] [INFO] 启动'快视频'成功
[2018-07-19 16:13:12] [INFO] 启动'快视频'成功
[2018-07-19 16:13:28] [INFO] 启动'快视频'成功
[2018-07-19 16:13:37] [INFO] 2018-07-19 16:13:37,95,lo,0x0,10030,143268905,123873,21047267,118077,143268641,123870,0,0,264,3,21047267,118077,0,0,0,0

[2018-07-19 16:13:37] [INFO] 2018-07-19 16:13:37,241950

[2018-07-19 16:13:37] [INFO] diff_traffic=5796
[2018-07-19 16:14:00] [INFO] ***************************测试结果*************************
[2018-07-19 16:14:00] [INFO] 测试结论:不通过
[2018-07-19 16:14:00] [INFO] 不通过原因:视频无法播放(见screenshot_video_not_play文件夹截图)
[2018-07-19 16:20:19] [INFO] 启动'快视频'成功
[2018-07-19 16:20:19] [INFO] 2018-07-19 16:20:19,95,lo,0x0,10030,143530968,124103,21073237,118291,143530704,124100,0,0,264,3,21073237,118291,0,0,0,0

[2018-07-19 16:20:19] [INFO] 2018-07-19 16:20:19,242394

[2018-07-19 16:20:27] [INFO] 启动'快视频'成功
[2018-07-19 16:20:36] [INFO] 2018-07-19 16:20:36,95,lo,0x0,10030,144370250,124775,21135153,118796,144369986,124772,0,0,264,3,21135153,118796,0,0,0,0

[2018-07-19 16:20:36] [INFO] 2018-07-19 16:20:36,243571

[2018-07-19 16:20:36] [INFO] diff_traffic=1177
[2018-07-19 16:20:39] [INFO] ***************************测试结果*************************
[2018-07-19 16:20:39] [INFO] 测试结论:通过
[2018-07-19 16:21:14] [INFO] 启动'快视频'成功
[2018-07-19 16:21:14] [INFO] 2018-07-19 16:21:14,95,lo,0x0,10030,144879526,125197,21181517,119236,144879262,125194,0,0,264,3,21181517,119236,0,0,0,0

[2018-07-19 16:21:14] [INFO] 2018-07-19 16:21:14,244433

[2018-07-19 16:21:16] [INFO] 2018-07-19 16:21:16,95,lo,0x0,10030,144894329,125223,21192646,119263,144894065,125220,0,0,264,3,21192646,119263,0,0,0,0

[2018-07-19 16:21:16] [INFO] 2018-07-19 16:21:16,244486

[2018-07-19 16:21:16] [INFO] diff_traffic=53
[2018-07-19 16:21:16] [INFO] ***************************测试结果*************************
[2018-07-19 16:21:16] [INFO] 测试结论:通过
[2018-07-19 16:21:44] [INFO] 启动'快视频'成功
[2018-07-19 16:21:45] [INFO] 2018-07-19 16:21:45,95,lo,0x0,10030,144943030,125317,21219634,119372,144942766,125314,0,0,264,3,21219634,119372,0,0,0,0

[2018-07-19 16:21:45] [INFO] 2018-07-19 16:21:45,244689

[2018-07-19 16:21:54] [INFO] 启动'快视频'成功
[2018-07-19 16:22:10] [INFO] 启动'快视频'成功
[2018-07-19 16:22:26] [INFO] 启动'快视频'成功
[2018-07-19 16:22:42] [INFO] 启动'快视频'成功
[2018-07-19 16:22:58] [INFO] 启动'快视频'成功
[2018-07-19 16:23:14] [INFO] 启动'快视频'成功
[2018-07-19 16:23:31] [INFO] 启动'快视频'成功
[2018-07-19 16:23:47] [INFO] 启动'快视频'成功
[2018-07-19 16:24:04] [INFO] 启动'快视频'成功
[2018-07-19 16:24:20] [INFO] 启动'快视频'成功
[2018-07-19 16:24:40] [INFO] 启动'快视频'成功
[2018-07-19 16:24:41] [INFO] 2018-07-19 16:24:40,95,lo,0x0,10030,150578136,129882,21774297,123873,150577872,129879,0,0,264,3,21774297,123873,0,0,0,0

[2018-07-19 16:24:41] [INFO] 2018-07-19 16:24:40,253755

[2018-07-19 16:24:51] [INFO] 启动'快视频'成功
[2018-07-19 16:25:11] [INFO] 启动'快视频'成功
[2018-07-19 16:25:31] [INFO] 启动'快视频'成功
[2018-07-19 16:25:50] [INFO] 启动'快视频'成功
[2018-07-19 16:26:09] [INFO] 启动'快视频'成功
[2018-07-19 16:26:19] [INFO] 2018-07-19 16:26:18,95,lo,0x0,10030,151132155,130612,21952964,124713,151131891,130609,0,0,264,3,21952964,124713,0,0,0,0

[2018-07-19 16:26:19] [INFO] 2018-07-19 16:26:18,255325

[2018-07-19 16:26:19] [INFO] diff_traffic=1570
[2018-07-19 16:27:31] [INFO] 启动'com.VIP.VIPQuickAPP'成功
[2018-07-19 16:27:31] [INFO] 2018-07-19 16:27:31,95,lo,0x0,10030,151163103,130680,21971631,124801,151162839,130677,0,0,264,3,21971631,124801,0,0,0,0

[2018-07-19 16:27:31] [INFO] 2018-07-19 16:27:31,255481

[2018-07-19 16:27:41] [INFO] 启动'com.VIP.VIPQuickAPP'成功
[2018-07-19 16:28:00] [INFO] 启动'com.VIP.VIPQuickAPP'成功
[2018-07-19 16:28:18] [INFO] 启动'com.VIP.VIPQuickAPP'成功
[2018-07-19 16:28:37] [INFO] 启动'com.VIP.VIPQuickAPP'成功
[2018-07-19 16:28:57] [INFO] 启动'com.VIP.VIPQuickAPP'成功
[2018-07-19 16:29:06] [INFO] 2018-07-19 16:29:06,95,lo,0x0,10030,151335332,131038,22097624,125265,151335068,131035,0,0,264,3,22097624,125265,0,0,0,0

[2018-07-19 16:29:06] [INFO] 2018-07-19 16:29:06,256303

[2018-07-19 16:29:06] [INFO] diff_traffic=822
[2018-07-19 16:29:13] [INFO] ***************************测试结果*************************
[2018-07-19 16:29:13] [INFO] 测试结论:通过
